2020-06-14 16:23:39 - ERROR - TemplateNotFound in F:\Python恅紫\鰾單\ElongHotel\app\http\controllers\HotelsController.py on line 22
2020-06-14 16:24:36 - ERROR - TemplateNotFound in F:\Python恅紫\鰾單\ElongHotel\app\http\controllers\HotelsController.py on line 22
2020-06-14 16:25:45 - ERROR - TemplateNotFound in F:\Python恅紫\鰾單\ElongHotel\app\http\controllers\HotelsController.py on line 22
2020-06-14 16:26:25 - ERROR - TemplateNotFound in F:\Python恅紫\鰾單\ElongHotel\app\http\controllers\HotelsController.py on line 22
2020-06-14 16:26:35 - ERROR - TemplateNotFound in F:\Python恅紫\鰾單\ElongHotel\app\http\controllers\HotelsController.py on line 22
2020-06-14 16:26:43 - ERROR - TemplateNotFound in F:\Python恅紫\鰾單\ElongHotel\app\http\controllers\HotelsController.py on line 22
2020-06-14 16:27:04 - ERROR - TemplateNotFound in F:\Python恅紫\鰾單\ElongHotel\app\http\controllers\HotelsController.py on line 22
2020-06-14 16:27:28 - ERROR - TemplateNotFound in F:\Python恅紫\鰾單\ElongHotel\app\http\controllers\HotelsController.py on line 22
2020-06-14 16:28:12 - ERROR - TemplateNotFound in F:\Python恅紫\鰾單\ElongHotel\app\http\controllers\HotelsController.py on line 22
2020-06-14 16:29:16 - ERROR - TemplateNotFound in F:\Python恅紫\鰾單\ElongHotel\app\http\controllers\HotelsController.py on line 23
2020-06-14 16:31:08 - ERROR - TemplateNotFound in F:\Python恅紫\鰾單\ElongHotel\app\http\controllers\HotelsController.py on line 22
2020-06-14 16:31:41 - ERROR - TemplateNotFound in F:\Python恅紫\鰾單\ElongHotel\app\http\controllers\HotelsController.py on line 22
2020-06-14 16:36:59 - ERROR - TemplateNotFound in F:\Python恅紫\鰾單\ElongHotel\app\http\controllers\HotelsController.py on line 22
2020-06-14 16:37:37 - ERROR - TemplateSyntaxError in F:\Python恅紫\鰾單\ElongHotel\resources\templates\hotelsView.html on line 15
2020-06-14 16:39:16 - ERROR - TemplateSyntaxError in F:\Python恅紫\鰾單\ElongHotel\resources\templates\hotelsView.html on line 15
2020-06-14 16:39:36 - ERROR - TemplateSyntaxError in F:\Python恅紫\鰾單\ElongHotel\resources\templates\hotelsView.html on line 14
2020-06-14 16:39:49 - ERROR - TemplateSyntaxError in F:\Python恅紫\鰾單\ElongHotel\resources\templates\hotelsView.html on line 14
2020-06-14 16:40:10 - ERROR - TemplateSyntaxError in F:\Python恅紫\鰾單\ElongHotel\resources\templates\hotelsView.html on line 14
2020-06-14 16:40:40 - ERROR - TemplateSyntaxError in F:\Python恅紫\鰾單\ElongHotel\resources\templates\hotelsView.html on line 14
2020-06-14 16:41:13 - ERROR - TemplateSyntaxError in F:\Python恅紫\鰾單\ElongHotel\resources\templates\hotelsView.html on line 14
2020-06-14 16:44:02 - ERROR - TemplateSyntaxError in F:\Python恅紫\鰾單\ElongHotel\resources\templates\hotelsView.html on line 15
2020-06-14 16:44:16 - ERROR - TemplateSyntaxError in F:\Python恅紫\鰾單\ElongHotel\resources\templates\hotelsView.html on line 15
2020-06-14 16:45:13 - ERROR - TemplateSyntaxError in F:\Python恅紫\鰾單\ElongHotel\resources\templates\hotelsView.html on line 15
2020-06-14 16:46:01 - ERROR - TemplateSyntaxError in F:\Python恅紫\鰾單\ElongHotel\resources\templates\hotelsView.html on line 15
2020-06-14 16:47:48 - ERROR - TemplateSyntaxError in F:\Python恅紫\鰾單\ElongHotel\resources\templates\hotelsView.html on line 16
2020-06-14 16:48:53 - ERROR - TemplateSyntaxError in F:\Python恅紫\鰾單\ElongHotel\resources\templates\hotelsView.html on line 16
2020-06-14 16:49:23 - ERROR - TemplateSyntaxError in F:\Python恅紫\鰾單\ElongHotel\resources\templates\hotelsView.html on line 16
2020-06-15 02:17:28 - ERROR - RouteException in F:\Python恅紫\鰾單\ElongHotel\resources\templates\base.html on line 20
2020-06-15 02:18:03 - ERROR - RouteException in F:\Python恅紫\鰾單\ElongHotel\resources\templates\base.html on line 20
2020-06-15 02:18:20 - ERROR - RouteException in F:\Python恅紫\鰾單\ElongHotel\resources\templates\base.html on line 20
2020-06-15 02:18:39 - ERROR - RouteException in F:\Python恅紫\鰾單\ElongHotel\resources\templates\base.html on line 20
2020-06-15 02:18:50 - ERROR - RouteException in F:\Python恅紫\鰾單\ElongHotel\resources\templates\base.html on line 20
2020-06-15 02:19:13 - ERROR - URLError in e:\python 3.6.7\lib\urllib\request.py on line 1320
2020-06-15 02:19:23 - ERROR - RouteException in F:\Python恅紫\鰾單\ElongHotel\resources\templates\base.html on line 20
2020-06-15 02:20:20 - ERROR - ContainerError in F:\Python恅紫\鰾單\ElongHotel\bootstrap\start.py on line 38
2020-06-15 03:12:52 - ERROR - KeyError in F:\Python恅紫\鰾單\ElongHotel\resources\templates\base.html on line 20
2020-06-15 03:13:04 - ERROR - KeyError in F:\Python恅紫\鰾單\ElongHotel\resources\templates\base.html on line 20
2020-06-15 03:13:31 - ERROR - KeyError in F:\Python恅紫\鰾單\ElongHotel\resources\templates\base.html on line 20
2020-06-15 06:12:26 - ERROR - KeyError in F:\Python恅紫\鰾單\ElongHotel\app\http\controllers\HotelsController.py on line 23
2020-06-15 06:13:19 - ERROR - KeyError in F:\Python恅紫\鰾單\ElongHotel\app\http\controllers\HotelsController.py on line 23
2020-06-15 06:35:35 - ERROR - UndefinedError in F:\Python恅紫\鰾單\ElongHotel\resources\templates\hotelsView.html on line 110
2020-06-15 11:51:50 - ERROR - TemplateSyntaxError in F:\Python恅紫\鰾單\ElongHotel\resources\templates\hotelsView.html on line 104
2020-06-15 11:55:55 - ERROR - TemplateSyntaxError in F:\Python恅紫\鰾單\ElongHotel\resources\templates\hotelsView.html on line 104
2020-06-15 12:26:46 - ERROR - ContainerError in F:\Python恅紫\鰾單\ElongHotel\bootstrap\start.py on line 38
2020-06-15 12:27:02 - ERROR - ContainerError in F:\Python恅紫\鰾單\ElongHotel\bootstrap\start.py on line 38
2020-06-15 12:27:14 - ERROR - ContainerError in F:\Python恅紫\鰾單\ElongHotel\bootstrap\start.py on line 38
2020-06-15 12:30:47 - ERROR - NameError in F:\Python恅紫\鰾單\ElongHotel\app\http\controllers\HotelsController.py on line 23
2020-06-15 12:32:44 - ERROR - KeyError in F:\Python恅紫\鰾單\ElongHotel\app\http\controllers\HotelsController.py on line 23
2020-06-15 12:32:53 - ERROR - KeyError in F:\Python恅紫\鰾單\ElongHotel\app\http\controllers\HotelsController.py on line 23
2020-06-15 12:33:00 - ERROR - KeyError in F:\Python恅紫\鰾單\ElongHotel\app\http\controllers\HotelsController.py on line 23
2020-06-15 12:35:21 - ERROR - KeyError in F:\Python恅紫\鰾單\ElongHotel\app\http\controllers\HotelsController.py on line 23
2020-06-15 12:47:58 - ERROR - ContainerError in F:\Python恅紫\鰾單\ElongHotel\bootstrap\start.py on line 38
2020-06-15 12:48:10 - ERROR - ContainerError in F:\Python恅紫\鰾單\ElongHotel\bootstrap\start.py on line 38
2020-06-15 12:51:17 - ERROR - ContainerError in F:\Python恅紫\鰾單\ElongHotel\bootstrap\start.py on line 38
2020-06-15 12:51:50 - ERROR - ContainerError in F:\Python恅紫\鰾單\ElongHotel\bootstrap\start.py on line 38
2020-06-15 12:52:58 - ERROR - ContainerError in F:\Python恅紫\鰾單\ElongHotel\bootstrap\start.py on line 38
2020-06-15 12:53:46 - ERROR - ContainerError in F:\Python恅紫\鰾單\ElongHotel\bootstrap\start.py on line 38
2020-06-15 13:05:37 - ERROR - ContainerError in F:\Python恅紫\鰾單\ElongHotel\bootstrap\start.py on line 38
2020-06-15 13:06:58 - ERROR - ContainerError in F:\Python恅紫\鰾單\ElongHotel\bootstrap\start.py on line 38
2020-06-15 13:07:10 - ERROR - ContainerError in F:\Python恅紫\鰾單\ElongHotel\bootstrap\start.py on line 38
2020-06-15 13:07:29 - ERROR - ContainerError in F:\Python恅紫\鰾單\ElongHotel\bootstrap\start.py on line 38
2020-06-15 13:55:21 - ERROR - UndefinedError in F:\Python恅紫\鰾單\ElongHotel\resources\templates\hotelsView.html on line 60
2020-06-15 13:55:28 - ERROR - UndefinedError in F:\Python恅紫\鰾單\ElongHotel\resources\templates\hotelsView.html on line 60
2020-06-15 13:56:46 - ERROR - UnicodeEncodeError in e:\python 3.6.7\lib\http\client.py on line 1117
2020-06-15 13:56:47 - ERROR - UnicodeEncodeError in e:\python 3.6.7\lib\http\client.py on line 1117
2020-06-15 13:57:31 - ERROR - UnicodeEncodeError in e:\python 3.6.7\lib\http\client.py on line 1117
2020-06-15 13:58:16 - ERROR - UnicodeEncodeError in e:\python 3.6.7\lib\http\client.py on line 1117
2020-06-15 13:58:28 - ERROR - SyntaxError in F:\Python恅紫\鰾單\ElongHotel\bootstrap\start.py on line 38
2020-06-15 13:58:34 - ERROR - SyntaxError in F:\Python恅紫\鰾單\ElongHotel\bootstrap\start.py on line 38
2020-06-15 14:00:14 - ERROR - UnicodeEncodeError in e:\python 3.6.7\lib\http\client.py on line 1117
2020-06-15 14:00:45 - ERROR - SyntaxError in F:\Python恅紫\鰾單\ElongHotel\bootstrap\start.py on line 38
2020-06-15 14:02:42 - ERROR - UnicodeEncodeError in e:\python 3.6.7\lib\http\client.py on line 1117
2020-06-15 14:06:04 - ERROR - UnicodeEncodeError in e:\python 3.6.7\lib\http\client.py on line 1117
